\BOOKMARK [1][-]{section*.1}{Abstract}{}% 1
\BOOKMARK [1][-]{section*.2}{Registered\040Replication\040Report\040on\040Fischer,\040Castel,\040Dodd,\040and\040Pratt\040\(2003\)}{}% 2
\BOOKMARK [1][-]{section*.3}{Introduction}{}% 3
\BOOKMARK [1][-]{section*.4}{Disclosures}{}% 4
\BOOKMARK [2][-]{section*.5}{Preregistration}{section*.4}% 5
\BOOKMARK [2][-]{section*.6}{Data,\040materials,\040and\040online\040resources}{section*.4}% 6
\BOOKMARK [2][-]{section*.7}{Reporting}{section*.4}% 7
\BOOKMARK [2][-]{section*.8}{Ethical\040approval}{section*.4}% 8
\BOOKMARK [1][-]{section*.9}{Methods}{}% 9
\BOOKMARK [2][-]{section*.10}{Sample\040size}{section*.9}% 10
\BOOKMARK [2][-]{section*.11}{Materials}{section*.9}% 11
\BOOKMARK [2][-]{section*.12}{Procedure}{section*.9}% 12
\BOOKMARK [2][-]{section*.14}{Eye-tracking\040protocol}{section*.9}% 13
\BOOKMARK [2][-]{section*.15}{Finger\040counting}{section*.9}% 14
\BOOKMARK [2][-]{section*.16}{Reading/writing\040direction}{section*.9}% 15
\BOOKMARK [2][-]{section*.17}{Handedness}{section*.9}% 16
\BOOKMARK [2][-]{section*.18}{Mathematics\040assessment}{section*.9}% 17
\BOOKMARK [2][-]{section*.19}{Mathematics\040anxiety}{section*.9}% 18
\BOOKMARK [2][-]{section*.20}{Exit\040questionnaire}{section*.9}% 19
\BOOKMARK [2][-]{section*.21}{Exclusion\040criteria}{section*.9}% 20
\BOOKMARK [2][-]{section*.22}{Analysis}{section*.9}% 21
\BOOKMARK [3][-]{section*.23}{Model\0401:\040No\040Moderators}{section*.22}% 22
\BOOKMARK [3][-]{section*.24}{Model\0402:\040Finger\040counting}{section*.22}% 23
\BOOKMARK [3][-]{section*.25}{Model\0403:\040Reading/writing\040direction}{section*.22}% 24
\BOOKMARK [3][-]{section*.26}{Model\0404:\040Handedness}{section*.22}% 25
\BOOKMARK [3][-]{section*.27}{Model\0405:\040Mathematics\040fluency\040and\040mathematics\040anxiety}{section*.22}% 26
\BOOKMARK [3][-]{section*.28}{Secondary\040analyses}{section*.22}% 27
\BOOKMARK [1][-]{section*.29}{Results}{}% 28
\BOOKMARK [2][-]{section*.30}{Replication\040operationalisation}{section*.29}% 29
\BOOKMARK [2][-]{section*.31}{Exclusions}{section*.29}% 30
\BOOKMARK [2][-]{section*.33}{Preliminary\040analyses}{section*.29}% 31
\BOOKMARK [2][-]{section*.34}{Primary\040analyses}{section*.29}% 32
\BOOKMARK [3][-]{section*.35}{Model\0401:\040No\040moderators}{section*.34}% 33
\BOOKMARK [3][-]{figure.caption.39}{Model\0402:\040Finger\040counting}{section*.34}% 34
\BOOKMARK [3][-]{section*.40}{Model\0403:\040Reading/writing\040direction}{section*.34}% 35
\BOOKMARK [3][-]{section*.41}{Model\0404:\040Handedness}{section*.34}% 36
\BOOKMARK [3][-]{section*.42}{Model\0405:\040Mathematics\040fluency\040and\040mathematics\040anxiety}{section*.34}% 37
\BOOKMARK [2][-]{section*.43}{Secondary\040analyses}{section*.29}% 38
\BOOKMARK [1][-]{section*.44}{Discussion}{}% 39
\BOOKMARK [1][-]{section*.45}{Acknowledgements}{}% 40
\BOOKMARK [1][-]{section*.46}{Author\040contributions}{}% 41
\BOOKMARK [2][-]{section*.48}{Primary\040analyses}{section*.46}% 42
\BOOKMARK [3][-]{section*.49}{Model\0401:\040No\040Moderators}{section*.48}% 43
\BOOKMARK [3][-]{section*.50}{Model\0402:\040Finger\040counting}{section*.48}% 44
\BOOKMARK [3][-]{section*.51}{Model\0403:\040Reading/writing\040direction}{section*.48}% 45
\BOOKMARK [3][-]{section*.52}{Model\0404:\040Handedness}{section*.48}% 46
\BOOKMARK [3][-]{section*.53}{Model\0405:\040Mathematics\040fluency\040and\040mathematics\040anxiety}{section*.48}% 47
\BOOKMARK [2][-]{section*.54}{Secondary\040analyses}{section*.46}% 48
\BOOKMARK [3][-]{section*.55}{Purpose\040of\040experiment}{section*.54}% 49
\BOOKMARK [3][-]{section*.56}{Eye-movement\040contaminated\040trials}{section*.54}% 50
